c:\users\seong\onedrive\바탕 화면\github\seed\client\gameclient\gameclient\x64\debug\vc143.pdb
c:\users\seong\onedrive\바탕 화면\github\seed\client\gameclient\gameclient\x64\debug\vc143.idb
c:\users\seong\onedrive\바탕 화면\github\seed\client\gameclient\gameclient\x64\debug\texturemanager.obj
c:\users\seong\onedrive\바탕 화면\github\seed\client\gameclient\gameclient\x64\debug\textdx.obj
c:\users\seong\onedrive\바탕 화면\github\seed\client\gameclient\gameclient\x64\debug\scene.obj
c:\users\seong\onedrive\바탕 화면\github\seed\client\gameclient\gameclient\x64\debug\rpg.obj
c:\users\seong\onedrive\바탕 화면\github\seed\client\gameclient\gameclient\x64\debug\messagedialog.obj
c:\users\seong\onedrive\바탕 화면\github\seed\client\gameclient\gameclient\x64\debug\main.obj
c:\users\seong\onedrive\바탕 화면\github\seed\client\gameclient\gameclient\x64\debug\loginclient.obj
c:\users\seong\onedrive\바탕 화면\github\seed\client\gameclient\gameclient\x64\debug\inputdialog.obj
c:\users\seong\onedrive\바탕 화면\github\seed\client\gameclient\gameclient\x64\debug\input.obj
c:\users\seong\onedrive\바탕 화면\github\seed\client\gameclient\gameclient\x64\debug\image.obj
c:\users\seong\onedrive\바탕 화면\github\seed\client\gameclient\gameclient\x64\debug\graphics.obj
c:\users\seong\onedrive\바탕 화면\github\seed\client\gameclient\gameclient\x64\debug\gameerror.obj
c:\users\seong\onedrive\바탕 화면\github\seed\client\gameclient\gameclient\x64\debug\game.obj
c:\users\seong\onedrive\바탕 화면\github\seed\client\gameclient\gameclient\x64\debug\entity.obj
c:\users\seong\onedrive\바탕 화면\github\seed\client\gameclient\gameclient\x64\debug\dashboard.obj
c:\users\seong\onedrive\바탕 화면\github\seed\client\gameclient\gameclient\x64\debug\constants.obj
c:\users\seong\onedrive\바탕 화면\github\seed\client\gameclient\gameclient\x64\debug\console.obj
c:\users\seong\onedrive\바탕 화면\github\seed\client\gameclient\gameclient\x64\debug\audio.obj
c:\users\seong\onedrive\바탕 화면\github\seed\client\gameclient\x64\debug\gameclient.exe
c:\users\seong\onedrive\바탕 화면\github\seed\client\gameclient\x64\debug\gameclient.pdb
c:\users\seong\onedrive\바탕 화면\github\seed\client\gameclient\gameclient\x64\debug\gameclient.ilk
c:\users\seong\onedrive\바탕 화면\github\seed\client\gameclient\gameclient\x64\debug\gameclient.tlog\cl.command.1.tlog
c:\users\seong\onedrive\바탕 화면\github\seed\client\gameclient\gameclient\x64\debug\gameclient.tlog\cl.items.tlog
c:\users\seong\onedrive\바탕 화면\github\seed\client\gameclient\gameclient\x64\debug\gameclient.tlog\cl.read.1.tlog
c:\users\seong\onedrive\바탕 화면\github\seed\client\gameclient\gameclient\x64\debug\gameclient.tlog\cl.write.1.tlog
c:\users\seong\onedrive\바탕 화면\github\seed\client\gameclient\gameclient\x64\debug\gameclient.tlog\link.command.1.tlog
c:\users\seong\onedrive\바탕 화면\github\seed\client\gameclient\gameclient\x64\debug\gameclient.tlog\link.read.1.tlog
c:\users\seong\onedrive\바탕 화면\github\seed\client\gameclient\gameclient\x64\debug\gameclient.tlog\link.secondary.1.tlog
c:\users\seong\onedrive\바탕 화면\github\seed\client\gameclient\gameclient\x64\debug\gameclient.tlog\link.write.1.tlog
